
-------------------------------------------------------------------------------
   ROBOCOPY     ::     Robust File Copy for Windows                              
-------------------------------------------------------------------------------

  Started : tiistai 13. helmikuuta 2024 10.18.09
   Source : C:\Projektit\testi123\
     Dest : \\192.168.11.110\backup\PTEC38-PC\testi123_bd466a60_1\

    Files : *.*
	    
Exc Files : *.bac
	    
 Exc Dirs : System Volume Information
	    $RECYCLE.BIN
	    siirto
	    
  Options : *.* /S /E /DCOPY:DA /COPY:DAT /Z /A-:SH /MT:16 /R:1 /W:1 

------------------------------------------------------------------------------

	    New File  		       3	C:\Projektit\testi123\in c-projektit.txt  0%  100%  

------------------------------------------------------------------------------

               Total    Copied   Skipped  Mismatch    FAILED    Extras
    Dirs :         2         2         0         0         0         0
   Files :         1         1         0         0         0         0
   Bytes :         3         3         0         0         0         0
   Times :   0:00:00   0:00:00                       0:00:00   0:00:00


   Speed :                 428 Bytes/sec.
   Speed :               0.024 MegaBytes/min.
   Ended : tiistai 13. helmikuuta 2024 10.18.09

